<?xml version="1.0" encoding="UTF-8"?>
<coverage generated="1647267937928" clover="3.2.0">
  <project timestamp="1647267937928" name="All files">
    <metrics statements="8" coveredstatements="8" conditionals="0" coveredconditionals="0" methods="6" coveredmethods="6" elements="14" coveredelements="14" complexity="0" loc="8" ncloc="8" packages="1" files="2" classes="2"/>
    <file name="advanced.js" path="D:\calculator\src\advanced.js">
      <metrics statements="3" coveredstatements="3" conditionals="0" coveredconditionals="0" methods="2" coveredmethods="2"/>
      <line num="2" count="16" type="stmt"/>
      <line num="6" count="16" type="stmt"/>
      <line num="9" count="1" type="stmt"/>
    </file>
    <file name="basic.js" path="D:\calculator\src\basic.js">
      <metrics statements="5" coveredstatements="5" conditionals="0" coveredconditionals="0" methods="4" coveredmethods="4"/>
      <line num="2" count="16" type="stmt"/>
      <line num="6" count="16" type="stmt"/>
      <line num="10" count="16" type="stmt"/>
      <line num="14" count="16" type="stmt"/>
      <line num="19" count="1" type="stmt"/>
    </file>
  </project>
</coverage>
